{"name": "test_pay_upi", "status": "failed", "statusDetails": {"message": "AssertionError: assert False", "trace": "self = <test_tc003.TestPayment object at 0x106143710>, setup = None\n\n    def test_pay_upi(self, setup):\n        print(\"payment using upi\")\n>       assert False\nE       assert False\n\nmodule2/test_tc003.py:15: AssertionError"}, "start": 1694273653755, "stop": 1694273653755, "uuid": "c8682e9b-c801-458e-a800-360e396d1bfb", "historyId": "f2624bc24ae9c39ed64e5cc1716e28c8", "testCaseId": "f2624bc24ae9c39ed64e5cc1716e28c8", "fullName": "module2.test_tc003.TestPayment#test_pay_upi", "labels": [{"name": "parentSuite", "value": "module2"}, {"name": "suite", "value": "test_tc003"}, {"name": "subSuite", "value": "TestPayment"}, {"name": "host", "value": "vadlapudis-MacBook-Air.local"}, {"name": "thread", "value": "54251-MainThread"}, {"name": "framework", "value": "pytest"}, {"name": "language", "value": "cpython3"}, {"name": "package", "value": "module2.test_tc003"}]}